[ 2016-05-17T11:19:21+08:00 ] ::1 /activityTest/Home/index/cur/openhand.cur
ERR: 非法操作:cur

[ 2016-05-17T15:33:06+08:00 ] ::1 /activityTest/Home/index/showData
ERR: Think\Model:findData方法不存在！

[ 2016-05-17T17:08:27+08:00 ] ::1 /activityTest/index.php/Home/Index/public/css/detail.20160514_180809.min.css
ERR: 非法操作:public

[ 2016-05-17T17:08:27+08:00 ] ::1 /activityTest/index.php/Home/Index/public/css/jquery.mCustomScrollbar.css
ERR: 非法操作:public

[ 2016-05-17T17:08:27+08:00 ] ::1 /activityTest/index.php/Home/Index/public/css/common.20160512_195352.min.css
ERR: 非法操作:public

[ 2016-05-17T17:08:27+08:00 ] ::1 /activityTest/index.php/Home/Index/public/lib/js/comm.20160512_195352.min.js
ERR: 非法操作:public

[ 2016-05-17T17:08:27+08:00 ] ::1 /activityTest/index.php/Home/Index/public/lib/js/jquery.mCustomScrollbar.concat.min.js
ERR: 非法操作:public

[ 2016-05-17T17:08:27+08:00 ] ::1 /activityTest/index.php/Home/Index/public/lib/js/qrcode.js
ERR: 非法操作:public

[ 2016-05-17T17:08:27+08:00 ] ::1 /activityTest/index.php/Home/Index/public/lib/js/detail.20160514_180809.min.js
ERR: 非法操作:public

[ 2016-05-17T17:08:27+08:00 ] ::1 /activityTest/index.php/Home/Index/public/js/jquery-1.7.2.min.js
ERR: 非法操作:public

[ 2016-05-17T17:08:27+08:00 ] ::1 /activityTest/index.php/Home/Index/public/js/lib/jquery_date.js
ERR: 非法操作:public

[ 2016-05-17T17:08:52+08:00 ] ::1 /activityTest/index.php/Home/Index/public/js/jquery-1.7.2.min.js
ERR: 非法操作:public

[ 2016-05-17T17:08:52+08:00 ] ::1 /activityTest/index.php/Home/Index/public/lib/js/comm.20160512_195352.min.js
ERR: 非法操作:public

[ 2016-05-17T17:08:52+08:00 ] ::1 /activityTest/index.php/Home/Index/public/lib/js/detail.20160514_180809.min.js
ERR: 非法操作:public

[ 2016-05-17T17:08:52+08:00 ] ::1 /activityTest/index.php/Home/Index/public/lib/js/jquery.mCustomScrollbar.concat.min.js
ERR: 非法操作:public

[ 2016-05-17T17:08:52+08:00 ] ::1 /activityTest/index.php/Home/Index/public/lib/js/qrcode.js
ERR: 非法操作:public

[ 2016-05-17T17:08:52+08:00 ] ::1 /activityTest/index.php/Home/Index/public/css/detail.20160514_180809.min.css
ERR: 非法操作:public

[ 2016-05-17T17:08:52+08:00 ] ::1 /activityTest/index.php/Home/Index/public/css/common.20160512_195352.min.css
ERR: 非法操作:public

[ 2016-05-17T17:08:52+08:00 ] ::1 /activityTest/index.php/Home/Index/public/css/jquery.mCustomScrollbar.css
ERR: 非法操作:public

[ 2016-05-17T17:08:53+08:00 ] ::1 /activityTest/index.php/Home/Index/public/js/lib/jquery_date.js
ERR: 非法操作:public

[ 2016-05-17T17:12:32+08:00 ] ::1 /activityTest/index.php/Home/Index/public/css/common.20160512_195352.min.css
ERR: 非法操作:public

[ 2016-05-17T17:12:32+08:00 ] ::1 /activityTest/index.php/Home/Index/public/lib/js/comm.20160512_195352.min.js
ERR: 非法操作:public

[ 2016-05-17T17:12:32+08:00 ] ::1 /activityTest/index.php/Home/Index/public/lib/js/jquery.mCustomScrollbar.concat.min.js
ERR: 非法操作:public

[ 2016-05-17T17:12:32+08:00 ] ::1 /activityTest/index.php/Home/Index/public/lib/js/qrcode.js
ERR: 非法操作:public

[ 2016-05-17T17:12:32+08:00 ] ::1 /activityTest/index.php/Home/Index/public/js/lib/jquery_date.js
ERR: 非法操作:public

[ 2016-05-17T17:12:32+08:00 ] ::1 /activityTest/index.php/Home/Index/public/css/detail.20160514_180809.min.css
ERR: 非法操作:public

[ 2016-05-17T17:12:32+08:00 ] ::1 /activityTest/index.php/Home/Index/public/css/jquery.mCustomScrollbar.css
ERR: 非法操作:public

[ 2016-05-17T17:12:32+08:00 ] ::1 /activityTest/index.php/Home/Index/public/js/jquery-1.7.2.min.js
ERR: 非法操作:public

[ 2016-05-17T17:12:32+08:00 ] ::1 /activityTest/index.php/Home/Index/public/lib/js/detail.20160514_180809.min.js
ERR: 非法操作:public

[ 2016-05-17T17:12:39+08:00 ] ::1 /activityTest/index.php/Home/Index/public/css/common.20160512_195352.min.css
ERR: 非法操作:public

[ 2016-05-17T17:12:44+08:00 ] ::1 /activityTest/index.php/Home/Index/public/css/detail.20160514_180809.min.css
ERR: 非法操作:public

[ 2016-05-17T17:13:04+08:00 ] ::1 /activityTest/index.php/Home/Index/public/css/common.20160512_195352.min.css
ERR: 非法操作:public

[ 2016-05-17T17:13:04+08:00 ] ::1 /activityTest/index.php/Home/Index/public/css/jquery.mCustomScrollbar.css
ERR: 非法操作:public

[ 2016-05-17T17:13:04+08:00 ] ::1 /activityTest/index.php/Home/Index/public/lib/js/detail.20160514_180809.min.js
ERR: 非法操作:public

[ 2016-05-17T17:13:04+08:00 ] ::1 /activityTest/index.php/Home/Index/public/css/detail.20160514_180809.min.css
ERR: 非法操作:public

[ 2016-05-17T17:13:04+08:00 ] ::1 /activityTest/index.php/Home/Index/public/js/jquery-1.7.2.min.js
ERR: 非法操作:public

[ 2016-05-17T17:13:04+08:00 ] ::1 /activityTest/index.php/Home/Index/public/lib/js/jquery.mCustomScrollbar.concat.min.js
ERR: 非法操作:public

[ 2016-05-17T17:13:04+08:00 ] ::1 /activityTest/index.php/Home/Index/public/lib/js/qrcode.js
ERR: 非法操作:public

[ 2016-05-17T17:13:04+08:00 ] ::1 /activityTest/index.php/Home/Index/public/lib/js/comm.20160512_195352.min.js
ERR: 非法操作:public

[ 2016-05-17T17:13:04+08:00 ] ::1 /activityTest/index.php/Home/Index/public/js/lib/jquery_date.js
ERR: 非法操作:public

[ 2016-05-17T17:13:08+08:00 ] ::1 /activityTest/index.php/Home/Index/public/js/jquery-1.7.2.min.js
ERR: 非法操作:public

[ 2016-05-17T17:13:08+08:00 ] ::1 /activityTest/index.php/Home/Index/public/css/detail.20160514_180809.min.css
ERR: 非法操作:public

[ 2016-05-17T17:13:08+08:00 ] ::1 /activityTest/index.php/Home/Index/public/css/jquery.mCustomScrollbar.css
ERR: 非法操作:public

[ 2016-05-17T17:13:08+08:00 ] ::1 /activityTest/index.php/Home/Index/public/css/common.20160512_195352.min.css
ERR: 非法操作:public

[ 2016-05-17T17:13:08+08:00 ] ::1 /activityTest/index.php/Home/Index/public/lib/js/comm.20160512_195352.min.js
ERR: 非法操作:public

[ 2016-05-17T17:13:08+08:00 ] ::1 /activityTest/index.php/Home/Index/public/lib/js/detail.20160514_180809.min.js
ERR: 非法操作:public

[ 2016-05-17T17:13:08+08:00 ] ::1 /activityTest/index.php/Home/Index/public/lib/js/qrcode.js
ERR: 非法操作:public

[ 2016-05-17T17:13:08+08:00 ] ::1 /activityTest/index.php/Home/Index/public/lib/js/jquery.mCustomScrollbar.concat.min.js
ERR: 非法操作:public

[ 2016-05-17T17:13:08+08:00 ] ::1 /activityTest/index.php/Home/Index/public/js/lib/jquery_date.js
ERR: 非法操作:public

[ 2016-05-17T17:13:15+08:00 ] ::1 /activityTest/index.php/Home/Index/public/css/common.20160512_195352.min.css
ERR: 非法操作:public

[ 2016-05-17T17:13:15+08:00 ] ::1 /activityTest/index.php/Home/Index/public/css/detail.20160514_180809.min.css
ERR: 非法操作:public

[ 2016-05-17T17:13:15+08:00 ] ::1 /activityTest/index.php/Home/Index/public/lib/js/jquery.mCustomScrollbar.concat.min.js
ERR: 非法操作:public

[ 2016-05-17T17:13:15+08:00 ] ::1 /activityTest/index.php/Home/Index/public/lib/js/comm.20160512_195352.min.js
ERR: 非法操作:public

[ 2016-05-17T17:13:15+08:00 ] ::1 /activityTest/index.php/Home/Index/public/lib/js/detail.20160514_180809.min.js
ERR: 非法操作:public

[ 2016-05-17T17:13:15+08:00 ] ::1 /activityTest/index.php/Home/Index/public/css/jquery.mCustomScrollbar.css
ERR: 非法操作:public

[ 2016-05-17T17:13:15+08:00 ] ::1 /activityTest/index.php/Home/Index/public/js/lib/jquery_date.js
ERR: 非法操作:public

[ 2016-05-17T17:13:15+08:00 ] ::1 /activityTest/index.php/Home/Index/public/js/jquery-1.7.2.min.js
ERR: 非法操作:public

[ 2016-05-17T17:13:15+08:00 ] ::1 /activityTest/index.php/Home/Index/public/lib/js/qrcode.js
ERR: 非法操作:public

