[ 2016-05-18T10:53:26+08:00 ] ::1 /activityTest/Home/Public/css/common.20160512_195352.min.css
ERR: 无法加载控制器:Public

[ 2016-05-18T10:53:52+08:00 ] ::1 /activityTest/Home/index/Public/css/common.20160512_195352.min.css
ERR: 非法操作:Public

[ 2016-05-18T11:01:40+08:00 ] ::1 /activityTest/index.php/Home/Index/public/js/jquery-1.7.2.min.js
ERR: 非法操作:public

[ 2016-05-18T11:01:40+08:00 ] ::1 /activityTest/index.php/Home/Index/public/lib/js/comm.20160512_195352.min.js
ERR: 非法操作:public

[ 2016-05-18T11:01:40+08:00 ] ::1 /activityTest/index.php/Home/Index/public/lib/js/detail.20160514_180809.min.js
ERR: 非法操作:public

[ 2016-05-18T11:01:40+08:00 ] ::1 /activityTest/index.php/Home/Index/public/lib/js/jquery.mCustomScrollbar.concat.min.js
ERR: 非法操作:public

[ 2016-05-18T11:01:40+08:00 ] ::1 /activityTest/index.php/Home/Index/public/js/lib/jquery_date.js
ERR: 非法操作:public

[ 2016-05-18T11:01:40+08:00 ] ::1 /activityTest/index.php/Home/Index/public/lib/js/qrcode.js
ERR: 非法操作:public

[ 2016-05-18T11:01:44+08:00 ] ::1 /activityTest/index.php/Home/Index/public/js/jquery-1.7.2.min.js
ERR: 非法操作:public

[ 2016-05-18T11:01:44+08:00 ] ::1 /activityTest/index.php/Home/Index/public/lib/js/detail.20160514_180809.min.js
ERR: 非法操作:public

[ 2016-05-18T11:01:44+08:00 ] ::1 /activityTest/index.php/Home/Index/public/lib/js/comm.20160512_195352.min.js
ERR: 非法操作:public

[ 2016-05-18T11:01:44+08:00 ] ::1 /activityTest/index.php/Home/Index/public/lib/js/jquery.mCustomScrollbar.concat.min.js
ERR: 非法操作:public

[ 2016-05-18T11:01:44+08:00 ] ::1 /activityTest/index.php/Home/Index/public/lib/js/qrcode.js
ERR: 非法操作:public

[ 2016-05-18T11:01:44+08:00 ] ::1 /activityTest/index.php/Home/Index/public/js/lib/jquery_date.js
ERR: 非法操作:public

[ 2016-05-18T11:01:47+08:00 ] ::1 /activityTest/index.php/Home/Index/public/js/jquery-1.7.2.min.js
ERR: 非法操作:public

[ 2016-05-18T11:01:47+08:00 ] ::1 /activityTest/index.php/Home/Index/public/lib/js/comm.20160512_195352.min.js
ERR: 非法操作:public

[ 2016-05-18T11:01:47+08:00 ] ::1 /activityTest/index.php/Home/Index/public/lib/js/jquery.mCustomScrollbar.concat.min.js
ERR: 非法操作:public

[ 2016-05-18T11:01:47+08:00 ] ::1 /activityTest/index.php/Home/Index/public/lib/js/detail.20160514_180809.min.js
ERR: 非法操作:public

[ 2016-05-18T11:01:47+08:00 ] ::1 /activityTest/index.php/Home/Index/public/lib/js/qrcode.js
ERR: 非法操作:public

[ 2016-05-18T11:01:47+08:00 ] ::1 /activityTest/index.php/Home/Index/public/js/lib/jquery_date.js
ERR: 非法操作:public

[ 2016-05-18T11:01:49+08:00 ] ::1 /activityTest/index.php/Home/Index/public/lib/js/jquery.mCustomScrollbar.concat.min.js
ERR: 非法操作:public

[ 2016-05-18T11:01:49+08:00 ] ::1 /activityTest/index.php/Home/Index/public/lib/js/comm.20160512_195352.min.js
ERR: 非法操作:public

[ 2016-05-18T11:01:49+08:00 ] ::1 /activityTest/index.php/Home/Index/public/js/jquery-1.7.2.min.js
ERR: 非法操作:public

[ 2016-05-18T11:01:49+08:00 ] ::1 /activityTest/index.php/Home/Index/public/lib/js/qrcode.js
ERR: 非法操作:public

[ 2016-05-18T11:01:49+08:00 ] ::1 /activityTest/index.php/Home/Index/public/lib/js/detail.20160514_180809.min.js
ERR: 非法操作:public

[ 2016-05-18T11:01:49+08:00 ] ::1 /activityTest/index.php/Home/Index/public/js/lib/jquery_date.js
ERR: 非法操作:public

[ 2016-05-18T11:07:09+08:00 ] ::1 /activityTest/Home/index/js/lib/comm.20160512_195352.min.js
ERR: 非法操作:js

[ 2016-05-18T15:24:05+08:00 ] ::1 /activityTest/index.php/Home/Index/cur/openhand.cur
ERR: 非法操作:cur

[ 2016-05-18T15:24:15+08:00 ] ::1 /activityTest/index.php/Home/Index/cur/openhand.cur
ERR: 非法操作:cur

[ 2016-05-18T15:24:45+08:00 ] ::1 /activityTest/Home/index/cur/openhand.cur
ERR: 非法操作:cur

[ 2016-05-18T15:26:19+08:00 ] ::1 /activityTest/Home/index/cur/openhand.cur
ERR: 非法操作:cur

[ 2016-05-18T15:37:08+08:00 ] ::1 /activityTest/index.php/Home/Index/showDat
ERR: 非法操作:showDat

